  56 _ Count the Monkeys!.cpp
E:\My_Learning\Problem-Solving\Codewars\56 _ Count the Monkeys!\56 _ Count the Monkeys!\56 _ Count the Monkeys!.cpp(16,10): error C2679: binary '<<': no operator found which takes a right-hand operand of type 'std::vector<int,std::allocator<int>>' (or there is no acceptable conversion)
C:\Program Files\Microsoft Visual Studio\2022\Community\VC\Tools\MSVC\14.35.32215\include\ostream(475,39): message : could be 'std::basic_ostream<char,std::char_traits<char>> &std::basic_ostream<char,std::char_traits<char>>::operator <<(std::basic_streambuf<char,std::char_traits<char>> *)'
C:\Program Files\Microsoft Visual Studio\2022\Community\VC\Tools\MSVC\14.35.32215\include\ostream(443,39): message : or       'std::basic_ostream<char,std::char_traits<char>> &std::basic_ostream<char,std::char_traits<char>>::operator <<(const void *)'
C:\Program Files\Microsoft Visual Studio\2022\Community\VC\Tools\MSVC\14.35.32215\include\ostream(425,39): message : or       'std::basic_ostream<char,std::char_traits<char>> &std::basic_ostream<char,std::char_traits<char>>::operator <<(long double)'
C:\Program Files\Microsoft Visual Studio\2022\Community\VC\Tools\MSVC\14.35.32215\include\ostream(407,39): message : or       'std::basic_ostream<char,std::char_traits<char>> &std::basic_ostream<char,std::char_traits<char>>::operator <<(double)'
C:\Program Files\Microsoft Visual Studio\2022\Community\VC\Tools\MSVC\14.35.32215\include\ostream(389,39): message : or       'std::basic_ostream<char,std::char_traits<char>> &std::basic_ostream<char,std::char_traits<char>>::operator <<(float)'
C:\Program Files\Microsoft Visual Studio\2022\Community\VC\Tools\MSVC\14.35.32215\include\ostream(371,39): message : or       'std::basic_ostream<char,std::char_traits<char>> &std::basic_ostream<char,std::char_traits<char>>::operator <<(unsigned __int64)'
C:\Program Files\Microsoft Visual Studio\2022\Community\VC\Tools\MSVC\14.35.32215\include\ostream(353,39): message : or       'std::basic_ostream<char,std::char_traits<char>> &std::basic_ostream<char,std::char_traits<char>>::operator <<(__int64)'
C:\Program Files\Microsoft Visual Studio\2022\Community\VC\Tools\MSVC\14.35.32215\include\ostream(335,39): message : or       'std::basic_ostream<char,std::char_traits<char>> &std::basic_ostream<char,std::char_traits<char>>::operator <<(unsigned long)'
C:\Program Files\Microsoft Visual Studio\2022\Community\VC\Tools\MSVC\14.35.32215\include\ostream(317,39): message : or       'std::basic_ostream<char,std::char_traits<char>> &std::basic_ostream<char,std::char_traits<char>>::operator <<(long)'
C:\Program Files\Microsoft Visual Studio\2022\Community\VC\Tools\MSVC\14.35.32215\include\ostream(298,39): message : or       'std::basic_ostream<char,std::char_traits<char>> &std::basic_ostream<char,std::char_traits<char>>::operator <<(unsigned int)'
C:\Program Files\Microsoft Visual Studio\2022\Community\VC\Tools\MSVC\14.35.32215\include\ostream(272,39): message : or       'std::basic_ostream<char,std::char_traits<char>> &std::basic_ostream<char,std::char_traits<char>>::operator <<(int)'
C:\Program Files\Microsoft Visual Studio\2022\Community\VC\Tools\MSVC\14.35.32215\include\ostream(253,39): message : or       'std::basic_ostream<char,std::char_traits<char>> &std::basic_ostream<char,std::char_traits<char>>::operator <<(unsigned short)'
C:\Program Files\Microsoft Visual Studio\2022\Community\VC\Tools\MSVC\14.35.32215\include\ostream(219,39): message : or       'std::basic_ostream<char,std::char_traits<char>> &std::basic_ostream<char,std::char_traits<char>>::operator <<(short)'
C:\Program Files\Microsoft Visual Studio\2022\Community\VC\Tools\MSVC\14.35.32215\include\ostream(201,39): message : or       'std::basic_ostream<char,std::char_traits<char>> &std::basic_ostream<char,std::char_traits<char>>::operator <<(bool)'
C:\Program Files\Microsoft Visual Studio\2022\Community\VC\Tools\MSVC\14.35.32215\include\ostream(195,39): message : or       'std::basic_ostream<char,std::char_traits<char>> &std::basic_ostream<char,std::char_traits<char>>::operator <<(std::ios_base &(__cdecl *)(std::ios_base &))'
C:\Program Files\Microsoft Visual Studio\2022\Community\VC\Tools\MSVC\14.35.32215\include\ostream(189,39): message : or       'std::basic_ostream<char,std::char_traits<char>> &std::basic_ostream<char,std::char_traits<char>>::operator <<(std::basic_ios<char,std::char_traits<char>> &(__cdecl *)(std::basic_ios<char,std::char_traits<char>> &))'
C:\Program Files\Microsoft Visual Studio\2022\Community\VC\Tools\MSVC\14.35.32215\include\ostream(184,39): message : or       'std::basic_ostream<char,std::char_traits<char>> &std::basic_ostream<char,std::char_traits<char>>::operator <<(std::basic_ostream<char,std::char_traits<char>> &(__cdecl *)(std::basic_ostream<char,std::char_traits<char>> &))'
C:\Program Files\Microsoft Visual Studio\2022\Community\VC\Tools\MSVC\14.35.32215\include\xstring(5366,32): message : or       'std::basic_ostream<_Elem,_Traits> &std::operator <<(std::basic_ostream<_Elem,_Traits> &,const std::basic_string<_Elem,_Traits,_Alloc> &)'
E:\My_Learning\Problem-Solving\Codewars\56 _ Count the Monkeys!\56 _ Count the Monkeys!\56 _ Count the Monkeys!.cpp(16,10): message : 'std::basic_ostream<_Elem,_Traits> &std::operator <<(std::basic_ostream<_Elem,_Traits> &,const std::basic_string<_Elem,_Traits,_Alloc> &)': could not deduce template argument for 'const std::basic_string<_Elem,_Traits,_Alloc> &' from 'std::vector<int,std::allocator<int>>'
C:\Program Files\Microsoft Visual Studio\2022\Community\VC\Tools\MSVC\14.35.32215\include\memory(1875,32): message : or       'std::basic_ostream<_Elem,_Traits> &std::operator <<(std::basic_ostream<_Elem,_Traits> &,const std::shared_ptr<_Ty> &)'
E:\My_Learning\Problem-Solving\Codewars\56 _ Count the Monkeys!\56 _ Count the Monkeys!\56 _ Count the Monkeys!.cpp(16,10): message : 'std::basic_ostream<_Elem,_Traits> &std::operator <<(std::basic_ostream<_Elem,_Traits> &,const std::shared_ptr<_Ty> &)': could not deduce template argument for 'const std::shared_ptr<_Ty> &' from 'std::vector<int,std::allocator<int>>'
C:\Program Files\Microsoft Visual Studio\2022\Community\VC\Tools\MSVC\14.35.32215\include\memory(3557,32): message : or       'std::basic_ostream<_Elem,_Traits> &std::operator <<(std::basic_ostream<_Elem,_Traits> &,const std::unique_ptr<_Ty2,_Dx2> &)'
E:\My_Learning\Problem-Solving\Codewars\56 _ Count the Monkeys!\56 _ Count the Monkeys!\56 _ Count the Monkeys!.cpp(16,10): message : 'std::basic_ostream<_Elem,_Traits> &std::operator <<(std::basic_ostream<_Elem,_Traits> &,const std::unique_ptr<_Ty2,_Dx2> &)': could not deduce template argument for 'const std::unique_ptr<_Ty2,_Dx2> &' from 'std::vector<int,std::allocator<int>>'
C:\Program Files\Microsoft Visual Studio\2022\Community\VC\Tools\MSVC\14.35.32215\include\ostream(681,32): message : or       'std::basic_ostream<_Elem,_Traits> &std::operator <<(std::basic_ostream<_Elem,_Traits> &,const char *)'
E:\My_Learning\Problem-Solving\Codewars\56 _ Count the Monkeys!\56 _ Count the Monkeys!\56 _ Count the Monkeys!.cpp(16,29): message : 'initializing': cannot convert from 'std::vector<int,std::allocator<int>>' to 'const char *'
E:\My_Learning\Problem-Solving\Codewars\56 _ Count the Monkeys!\56 _ Count the Monkeys!\56 _ Count the Monkeys!.cpp(16,29): message : No user-defined-conversion operator available that can perform this conversion, or the operator cannot be called
C:\Program Files\Microsoft Visual Studio\2022\Community\VC\Tools\MSVC\14.35.32215\include\ostream(725,32): message : or       'std::basic_ostream<_Elem,_Traits> &std::operator <<(std::basic_ostream<_Elem,_Traits> &,char)'
E:\My_Learning\Problem-Solving\Codewars\56 _ Count the Monkeys!\56 _ Count the Monkeys!\56 _ Count the Monkeys!.cpp(16,29): message : 'initializing': cannot convert from 'std::vector<int,std::allocator<int>>' to 'char'
E:\My_Learning\Problem-Solving\Codewars\56 _ Count the Monkeys!\56 _ Count the Monkeys!\56 _ Count the Monkeys!.cpp(16,29): message : No user-defined-conversion operator available that can perform this conversion, or the operator cannot be called
C:\Program Files\Microsoft Visual Studio\2022\Community\VC\Tools\MSVC\14.35.32215\include\ostream(761,31): message : or       'std::basic_ostream<char,_Traits> &std::operator <<(std::basic_ostream<char,_Traits> &,const char *)'
E:\My_Learning\Problem-Solving\Codewars\56 _ Count the Monkeys!\56 _ Count the Monkeys!\56 _ Count the Monkeys!.cpp(16,29): message : 'initializing': cannot convert from 'std::vector<int,std::allocator<int>>' to 'const char *'
E:\My_Learning\Problem-Solving\Codewars\56 _ Count the Monkeys!\56 _ Count the Monkeys!\56 _ Count the Monkeys!.cpp(16,29): message : No user-defined-conversion operator available that can perform this conversion, or the operator cannot be called
C:\Program Files\Microsoft Visual Studio\2022\Community\VC\Tools\MSVC\14.35.32215\include\ostream(806,31): message : or       'std::basic_ostream<char,_Traits> &std::operator <<(std::basic_ostream<char,_Traits> &,char)'
E:\My_Learning\Problem-Solving\Codewars\56 _ Count the Monkeys!\56 _ Count the Monkeys!\56 _ Count the Monkeys!.cpp(16,29): message : 'initializing': cannot convert from 'std::vector<int,std::allocator<int>>' to 'char'
E:\My_Learning\Problem-Solving\Codewars\56 _ Count the Monkeys!\56 _ Count the Monkeys!\56 _ Count the Monkeys!.cpp(16,29): message : No user-defined-conversion operator available that can perform this conversion, or the operator cannot be called
C:\Program Files\Microsoft Visual Studio\2022\Community\VC\Tools\MSVC\14.35.32215\include\ostream(844,32): message : or       'std::basic_ostream<_Elem,_Traits> &std::operator <<(std::basic_ostream<_Elem,_Traits> &,const _Elem *)'
E:\My_Learning\Problem-Solving\Codewars\56 _ Count the Monkeys!\56 _ Count the Monkeys!\56 _ Count the Monkeys!.cpp(16,10): message : 'std::basic_ostream<_Elem,_Traits> &std::operator <<(std::basic_ostream<_Elem,_Traits> &,const _Elem *)': could not deduce template argument for 'const _Elem *' from 'std::vector<int,std::allocator<int>>'
C:\Program Files\Microsoft Visual Studio\2022\Community\VC\Tools\MSVC\14.35.32215\include\ostream(887,32): message : or       'std::basic_ostream<_Elem,_Traits> &std::operator <<(std::basic_ostream<_Elem,_Traits> &,_Elem)'
E:\My_Learning\Problem-Solving\Codewars\56 _ Count the Monkeys!\56 _ Count the Monkeys!\56 _ Count the Monkeys!.cpp(16,10): message : 'std::basic_ostream<_Elem,_Traits> &std::operator <<(std::basic_ostream<_Elem,_Traits> &,_Elem)': template parameter '_Elem' is ambiguous
E:\My_Learning\Problem-Solving\Codewars\56 _ Count the Monkeys!\56 _ Count the Monkeys!\56 _ Count the Monkeys!.cpp(16,10): message : could be 'std::vector<int,std::allocator<int>>'
E:\My_Learning\Problem-Solving\Codewars\56 _ Count the Monkeys!\56 _ Count the Monkeys!\56 _ Count the Monkeys!.cpp(16,10): message : or       'char'
E:\My_Learning\Problem-Solving\Codewars\56 _ Count the Monkeys!\56 _ Count the Monkeys!\56 _ Count the Monkeys!.cpp(16,10): message : 'std::basic_ostream<_Elem,_Traits> &std::operator <<(std::basic_ostream<_Elem,_Traits> &,_Elem)': could not deduce template argument for '_Elem' from 'std::vector<int,std::allocator<int>>'
C:\Program Files\Microsoft Visual Studio\2022\Community\VC\Tools\MSVC\14.35.32215\include\ostream(923,31): message : or       'std::basic_ostream<char,_Traits> &std::operator <<(std::basic_ostream<char,_Traits> &,const signed char *)'
E:\My_Learning\Problem-Solving\Codewars\56 _ Count the Monkeys!\56 _ Count the Monkeys!\56 _ Count the Monkeys!.cpp(16,29): message : 'initializing': cannot convert from 'std::vector<int,std::allocator<int>>' to 'const signed char *'
E:\My_Learning\Problem-Solving\Codewars\56 _ Count the Monkeys!\56 _ Count the Monkeys!\56 _ Count the Monkeys!.cpp(16,29): message : No user-defined-conversion operator available that can perform this conversion, or the operator cannot be called
C:\Program Files\Microsoft Visual Studio\2022\Community\VC\Tools\MSVC\14.35.32215\include\ostream(929,31): message : or       'std::basic_ostream<char,_Traits> &std::operator <<(std::basic_ostream<char,_Traits> &,signed char)'
E:\My_Learning\Problem-Solving\Codewars\56 _ Count the Monkeys!\56 _ Count the Monkeys!\56 _ Count the Monkeys!.cpp(16,29): message : 'initializing': cannot convert from 'std::vector<int,std::allocator<int>>' to 'signed char'
E:\My_Learning\Problem-Solving\Codewars\56 _ Count the Monkeys!\56 _ Count the Monkeys!\56 _ Count the Monkeys!.cpp(16,29): message : No user-defined-conversion operator available that can perform this conversion, or the operator cannot be called
C:\Program Files\Microsoft Visual Studio\2022\Community\VC\Tools\MSVC\14.35.32215\include\ostream(934,31): message : or       'std::basic_ostream<char,_Traits> &std::operator <<(std::basic_ostream<char,_Traits> &,const unsigned char *)'
E:\My_Learning\Problem-Solving\Codewars\56 _ Count the Monkeys!\56 _ Count the Monkeys!\56 _ Count the Monkeys!.cpp(16,29): message : 'initializing': cannot convert from 'std::vector<int,std::allocator<int>>' to 'const unsigned char *'
E:\My_Learning\Problem-Solving\Codewars\56 _ Count the Monkeys!\56 _ Count the Monkeys!\56 _ Count the Monkeys!.cpp(16,29): message : No user-defined-conversion operator available that can perform this conversion, or the operator cannot be called
C:\Program Files\Microsoft Visual Studio\2022\Community\VC\Tools\MSVC\14.35.32215\include\ostream(940,31): message : or       'std::basic_ostream<char,_Traits> &std::operator <<(std::basic_ostream<char,_Traits> &,unsigned char)'
E:\My_Learning\Problem-Solving\Codewars\56 _ Count the Monkeys!\56 _ Count the Monkeys!\56 _ Count the Monkeys!.cpp(16,29): message : 'initializing': cannot convert from 'std::vector<int,std::allocator<int>>' to 'unsigned char'
E:\My_Learning\Problem-Solving\Codewars\56 _ Count the Monkeys!\56 _ Count the Monkeys!\56 _ Count the Monkeys!.cpp(16,29): message : No user-defined-conversion operator available that can perform this conversion, or the operator cannot be called
C:\Program Files\Microsoft Visual Studio\2022\Community\VC\Tools\MSVC\14.35.32215\include\ostream(998,9): message : or       '_Ostr &&std::operator <<(_Ostr &&,const _Ty &)'
E:\My_Learning\Problem-Solving\Codewars\56 _ Count the Monkeys!\56 _ Count the Monkeys!\56 _ Count the Monkeys!.cpp(16): message : '_Ostr &&std::operator <<(_Ostr &&,const _Ty &)': could not deduce template argument for '__formal'
C:\Program Files\Microsoft Visual Studio\2022\Community\VC\Tools\MSVC\14.35.32215\include\ostream(1075,32): message : or       'std::basic_ostream<_Elem,_Traits> &std::operator <<(std::basic_ostream<_Elem,_Traits> &,const std::error_code &)'
E:\My_Learning\Problem-Solving\Codewars\56 _ Count the Monkeys!\56 _ Count the Monkeys!\56 _ Count the Monkeys!.cpp(16,29): message : 'initializing': cannot convert from 'std::vector<int,std::allocator<int>>' to 'const std::error_code &'
E:\My_Learning\Problem-Solving\Codewars\56 _ Count the Monkeys!\56 _ Count the Monkeys!\56 _ Count the Monkeys!.cpp(16,29): message : Reason: cannot convert from 'std::vector<int,std::allocator<int>>' to 'const std::error_code'
E:\My_Learning\Problem-Solving\Codewars\56 _ Count the Monkeys!\56 _ Count the Monkeys!\56 _ Count the Monkeys!.cpp(16,29): message : No user-defined-conversion operator available that can perform this conversion, or the operator cannot be called
E:\My_Learning\Problem-Solving\Codewars\56 _ Count the Monkeys!\56 _ Count the Monkeys!\56 _ Count the Monkeys!.cpp(16,10): message : while trying to match the argument list '(std::ostream, std::vector<int,std::allocator<int>>)'
